bash-5.1# nohup bash ./monitor_usage.sh 1800 30 > monitor.log 2>&1 &
[1] 19307
bash-5.1# pgrep -af monitor_usage
19307 bash ./monitor_usage.sh 1800 30
bash-5.1# cat monitor.log
nohup: ignoring input
=== Monitoring start: 2025-11-18 13:09:35 ===
Interval: 30s, Iterations: 60
Timestamp, CPU_Used(%), Mem_Used(%), Mem_Detail(used/total MB), Top_Process(CPU%)
2025-11-18 13:09:35, 24.84, 49.53, 11870MB/23963MB, /opt/GC_Ext/GC/gc_linux_service(1.8%)
2025-11-18 13:10:05, 53.80, 49.81, 11935MB/23963MB, /isan/bin/vsh.bin(89.4%)
2025-11-18 13:10:36, 23.42, 49.70, 11909MB/23963MB, /isan/bin/vsh.bin(84.6%)
2025-11-18 13:11:06, 11.73, 49.56, 11875MB/23963MB, /opt/GC_Ext/GC/gc_linux_service(1.8%)
2025-11-18 13:11:36, 10.56, 49.56, 11875MB/23963MB, /opt/GC_Ext/GC/gc_linux_service(1.8%)
2025-11-18 13:12:07, 11.32, 49.54, 11871MB/23963MB, /opt/GC_Ext/GC/gc_linux_service(1.8%)
2025-11-18 13:12:37, 32.50, 49.58, 11882MB/23963MB, /opt/GC_Ext/GC/gc_linux_service(1.8%)
2025-11-18 13:13:07, 36.42, 49.72, 11914MB/23963MB, /isan/bin/vsh.bin(96.2%)
2025-11-18 13:13:37, 11.95, 49.51, 11865MB/23963MB, /opt/GC_Ext/GC/gc_linux_service(1.8%)
2025-11-18 13:14:08, 37.27, 49.80, 11934MB/23963MB, [ps](4.4%)
2025-11-18 13:14:38, 25.79, 49.93, 11964MB/23963MB, touch(35.2%)
2025-11-18 13:15:08, 32.91, 49.56, 11876MB/23963MB, /opt/GC_Ext/GC/gc_linux_service(1.8%)
2025-11-18 13:15:38, 25.00, 49.71, 11913MB/23963MB, /isan/bin/nxpython3(68.6%)
2025-11-18 13:16:09, 24.53, 49.56, 11876MB/23963MB, /opt/GC_Ext/GC/gc_linux_service(1.8%)
2025-11-18 13:16:39, 11.18, 49.54, 11871MB/23963MB, /opt/GC_Ext/GC/gc_linux_service(1.8%)
2025-11-18 13:17:09, 13.04, 49.55, 11873MB/23963MB, /opt/GC_Ext/GC/gc_linux_service(1.8%)
2025-11-18 13:17:40, 10.62, 49.57, 11878MB/23963MB, /opt/GC_Ext/GC/gc_linux_service(1.9%)
2025-11-18 13:18:10, 32.10, 49.77, 11926MB/23963MB, /isan/bin/vsh.bin(100.0%)
2025-11-18 13:18:40, 14.29, 49.53, 11868MB/23963MB, /opt/GC_Ext/GC/gc_linux_service(1.9%)
2025-11-18 13:19:10, 13.75, 49.56, 11875MB/23963MB, [ps](5.2%)
2025-11-18 13:19:41, 39.58, 49.77, 11927MB/23963MB, /usr/bin/python(70.5%)
2025-11-18 13:20:11, 24.07, 49.55, 11874MB/23963MB, /opt/GC_Ext/GC/gc_linux_service(1.9%)
2025-11-18 13:20:41, 39.75, 49.76, 11924MB/23963MB, /usr/bin/python(99.7%)
2025-11-18 13:21:12, 24.53, 49.57, 11878MB/23963MB, /opt/GC_Ext/GC/gc_linux_service(1.9%)
2025-11-18 13:21:42, 10.69, 49.56, 11875MB/23963MB, ps(100.0%)
2025-11-18 13:22:12, 36.88, 49.64, 11895MB/23963MB, /isan/bin/vsh.bin(103.0%)
2025-11-18 13:22:42, 24.84, 49.56, 11876MB/23963MB, ps(100.0%)
2025-11-18 13:23:13, 38.75, 49.77, 11927MB/23963MB, ps(100.0%)
2025-11-18 13:23:43, 13.75, 49.56, 11876MB/23963MB, ps(100.0%)
2025-11-18 13:24:13, 12.58, 49.81, 11936MB/23963MB, ps(200.0%)
2025-11-18 13:24:43, 10.69, 49.56, 11877MB/23963MB, /opt/GC_Ext/GC/gc_linux_service(1.9%)
2025-11-18 13:25:14, 9.94, 49.58, 11881MB/23963MB, /opt/GC_Ext/GC/gc_linux_service(1.9%)
2025-11-18 13:25:44, 24.07, 49.71, 11912MB/23963MB, /isan/bin/vsh.bin(93.7%)
2025-11-18 13:26:14, 34.38, 49.59, 11883MB/23963MB, /isan/bin/vsh.bin(122.0%)
2025-11-18 13:26:45, 10.49, 49.53, 11870MB/23963MB, /opt/GC_Ext/GC/gc_linux_service(1.9%)
2025-11-18 13:27:15, 21.38, 49.54, 11871MB/23963MB, /opt/GC_Ext/GC/gc_linux_service(1.9%)
2025-11-18 13:27:45, 24.22, 49.53, 11869MB/23963MB, /opt/GC_Ext/GC/gc_linux_service(1.9%)
2025-11-18 13:28:15, 47.17, 49.66, 11901MB/23963MB, /isan/bin/python3(92.8%)
2025-11-18 13:28:46, 28.22, 49.59, 11884MB/23963MB, sh(85.3%)
2025-11-18 13:29:16, 26.88, 49.55, 11873MB/23963MB, [ps](4.4%)
2025-11-18 13:29:46, 15.85, 49.52, 11866MB/23963MB, /opt/GC_Ext/GC/gc_linux_service(1.9%)
2025-11-18 13:30:16, 14.11, 49.56, 11875MB/23963MB, [ps](20.8%)
2025-11-18 13:30:47, 21.25, 49.56, 11875MB/23963MB, /opt/GC_Ext/GC/gc_linux_service(2.0%)
2025-11-18 13:31:17, 12.96, 49.58, 11880MB/23963MB, /bin/ps(50.0%)
2025-11-18 13:31:47, 27.78, 49.77, 11927MB/23963MB, /isan/bin/vsh.bin(83.3%)
2025-11-18 13:32:18, 37.89, 49.71, 11911MB/23963MB, /isan/bin/vsh.bin(95.8%)
2025-11-18 13:32:48, 28.12, 49.55, 11874MB/23963MB, /opt/GC_Ext/GC/gc_linux_service(2.0%)
2025-11-18 13:33:18, 13.84, 49.56, 11877MB/23963MB, /opt/GC_Ext/GC/gc_linux_service(2.0%)
2025-11-18 13:33:48, 10.69, 49.54, 11871MB/23963MB, /opt/GC_Ext/GC/gc_linux_service(2.0%)
2025-11-18 13:34:19, 37.42, 49.73, 11916MB/23963MB, /isan/bin/vsh.bin(90.9%)
2025-11-18 13:34:49, 10.62, 49.79, 11931MB/23963MB, /opt/GC_Ext/GC/gc_linux_service(2.0%)
2025-11-18 13:35:19, 9.94, 49.98, 11976MB/23963MB, /isan/bin/nxpython3(19.8%)
2025-11-18 13:35:50, 26.88, 49.57, 11879MB/23963MB, /opt/GC_Ext/GC/gc_linux_service(2.0%)
2025-11-18 13:36:20, 41.98, 49.71, 11913MB/23963MB, /usr/bin/python(99.4%)
2025-11-18 13:36:50, 23.90, 49.75, 11922MB/23963MB, /isan/bin/vsh.bin(92.8%)
2025-11-18 13:37:20, 22.64, 49.59, 11883MB/23963MB, /opt/GC_Ext/GC/gc_linux_service(2.0%)
2025-11-18 13:37:51, 24.84, 49.71, 11911MB/23963MB, /isan/bin/nxpython3(68.7%)
2025-11-18 13:38:21, 11.80, 49.59, 11884MB/23963MB, [ps](10.0%)
2025-11-18 13:38:51, 12.42, 49.58, 11882MB/23963MB, [ps](2.9%)
2025-11-18 13:39:22, 36.88, 49.76, 11924MB/23963MB, /isan/bin/vsh.bin(93.5%)
=== Monitoring end: 2025-11-18 13:39:22 ===

----- Summary (Highest Observed) -----
Highest CPU Used : 53.80% at 2025-11-18 13:10:05
  Top Process   : /isan/bin/vsh.bin(89.4%)
Highest Mem Used : 49.98% at 2025-11-18 13:35:19 (11976MB/23963MB)
  Top Process   : /isan/bin/nxpython3(19.8%)
[1]+  Done                    nohup bash ./monitor_usage.sh 1800 30 > monitor.log 2>&1